GROUP,PACKAGE,CLASS,INSTRUCTION_MISSED,INSTRUCTION_COVERED,BRANCH_MISSED,BRANCH_COVERED,LINE_MISSED,LINE_COVERED,COMPLEXITY_MISSED,COMPLEXITY_COVERED,METHOD_MISSED,METHOD_COVERED
Clipper,com.clipper.util,HibernateUtil,20,0,2,0,7,0,4,0,3,0
Clipper,com.clipper.model,Post,87,0,0,0,25,0,13,0,13,0
Clipper,com.clipper.model,PostImage,57,0,0,0,16,0,9,0,9,0
Clipper,com.clipper.model,Like,112,0,18,0,32,0,19,0,10,0
Clipper,com.clipper.model,User,162,0,0,0,46,0,23,0,23,0
Clipper,com.clipper.dao,PostDao,80,0,0,0,20,0,6,0,6,0
Clipper,com.clipper.dao,LikeDao,80,0,0,0,20,0,6,0,6,0
Clipper,com.clipper.dao,PostImageDao,80,0,0,0,20,0,6,0,6,0
Clipper,com.clipper.dao,UserDao,80,0,0,0,20,0,6,0,6,0
